d:\gitgit\gitgit2\dm-project\x64\debug\vc142.pdb
d:\gitgit\gitgit2\dm-project\x64\debug\vc142.idb
d:\gitgit\gitgit2\dm-project\x64\debug\integernumbermenu.obj
d:\gitgit\gitgit2\dm-project\x64\debug\gcf_pp_p.obj
d:\gitgit\gitgit2\dm-project\x64\debug\fac_p_q.obj
d:\gitgit\gitgit2\dm-project\x64\debug\div_zz_z.obj
d:\gitgit\gitgit2\dm-project\x64\debug\div_qq_q.obj
d:\gitgit\gitgit2\dm-project\x64\debug\div_pp_p.obj
d:\gitgit\gitgit2\dm-project\x64\debug\div_nn_n.obj
d:\gitgit\gitgit2\dm-project\x64\debug\div_nn_dk.obj
d:\gitgit\gitgit2\dm-project\x64\debug\discrete math project.obj
d:\gitgit\gitgit2\dm-project\x64\debug\der_p_p.obj
d:\gitgit\gitgit2\dm-project\x64\debug\com_nn_d.obj
d:\gitgit\gitgit2\dm-project\x64\debug\checkforrational.obj
d:\gitgit\gitgit2\dm-project\x64\debug\checkfornatural.obj
d:\gitgit\gitgit2\dm-project\x64\debug\checkforinteger.obj
d:\gitgit\gitgit2\dm-project\x64\debug\again.obj
d:\gitgit\gitgit2\dm-project\x64\debug\add_zz_z.obj
d:\gitgit\gitgit2\dm-project\x64\debug\add_qq_q.obj
d:\gitgit\gitgit2\dm-project\x64\debug\add_pp_p.obj
d:\gitgit\gitgit2\dm-project\x64\debug\add_nn_n.obj
d:\gitgit\gitgit2\dm-project\x64\debug\add_1n_n.obj
d:\gitgit\gitgit2\dm-project\x64\debug\nzer_n_b.obj
d:\gitgit\gitgit2\dm-project\x64\debug\mul_zz_z.obj
d:\gitgit\gitgit2\dm-project\x64\debug\mul_qq_q.obj
d:\gitgit\gitgit2\dm-project\x64\debug\mul_pxk_p.obj
d:\gitgit\gitgit2\dm-project\x64\debug\mul_pq_p.obj
d:\gitgit\gitgit2\dm-project\x64\debug\mul_nn_n.obj
d:\gitgit\gitgit2\dm-project\x64\debug\mul_nk_n.obj
d:\gitgit\gitgit2\dm-project\x64\debug\mul_nd_n.obj
d:\gitgit\gitgit2\dm-project\x64\debug\mod_zz_z.obj
d:\gitgit\gitgit2\dm-project\x64\debug\mod_nn_n.obj
d:\gitgit\gitgit2\dm-project\x64\debug\lcm_nn_n.obj
d:\gitgit\gitgit2\dm-project\x64\debug\int_q_b.obj
d:\gitgit\gitgit2\dm-project\x64\debug\gcf_nn_n.obj
d:\gitgit\gitgit2\dm-project\x64\debug\startmenu.obj
d:\gitgit\gitgit2\dm-project\x64\debug\rationalnumbermenu.obj
d:\gitgit\gitgit2\dm-project\x64\debug\polynomalmenu.obj
d:\gitgit\gitgit2\dm-project\x64\debug\nmr_p_p.obj
d:\gitgit\gitgit2\dm-project\x64\debug\naturalnumbersmenu.obj
d:\gitgit\gitgit2\dm-project\x64\debug\mul_pp_p.obj
d:\gitgit\gitgit2\dm-project\x64\debug\mod_pp_p.obj
d:\gitgit\gitgit2\dm-project\x64\debug\sub_zz_z.obj
d:\gitgit\gitgit2\dm-project\x64\debug\sub_qq_q.obj
d:\gitgit\gitgit2\dm-project\x64\debug\sub_pp_p.obj
d:\gitgit\gitgit2\dm-project\x64\debug\sub_nn_n.obj
d:\gitgit\gitgit2\dm-project\x64\debug\sub_ndn_n.obj
d:\gitgit\gitgit2\dm-project\x64\debug\stringtonumber.obj
d:\gitgit\gitgit2\dm-project\x64\debug\red_q_q.obj
d:\gitgit\gitgit2\dm-project\x64\debug\polynomialreading.obj
d:\gitgit\gitgit2\dm-project\x64\debug\polynomialfilling.obj
d:\gitgit\gitgit2\dm-project\x64\debug\mul_zm_z.obj
d:\gitgit\gitgit2\dm-project\x64\debug\discrete math project.exe
d:\gitgit\gitgit2\dm-project\x64\debug\discrete math project.ilk
d:\gitgit\gitgit2\dm-project\x64\debug\discrete math project.pdb
d:\gitgit\gitgit2\dm-project\x64\debug\der_p_pcpp.obj
d:\gitgit\gitgit2\dm-project\x64\debug\fac_p_q.obj.enc
d:\gitgit\gitgit2\dm-project\x64\debug\gcf_nn_n.obj.enc
d:\gitgit\gitgit2\dm-project\x64\debug\discrete.565d670d.tlog\cl.command.1.tlog
d:\gitgit\gitgit2\dm-project\x64\debug\discrete.565d670d.tlog\cl.read.1.tlog
d:\gitgit\gitgit2\dm-project\x64\debug\discrete.565d670d.tlog\cl.write.1.tlog
d:\gitgit\gitgit2\dm-project\x64\debug\discrete.565d670d.tlog\link.command.1.tlog
d:\gitgit\gitgit2\dm-project\x64\debug\discrete.565d670d.tlog\link.read.1.tlog
d:\gitgit\gitgit2\dm-project\x64\debug\discrete.565d670d.tlog\link.write.1.tlog
