  ADD_NN_N.cpp
  ADD_QQ_Q.cpp
  ADD_ZZ_Z.cpp
  DER_P_Pcpp.cpp
  DIV_NN_Dk.cpp
  DIV_NN_N.cpp
  DIV_QQ_Q.cpp
  DIV_ZZ_Z.cpp
  Discrete Math Project.cpp
  GCF_NN_N.cpp
  INT_Q_B.cpp
  LCM_NN_N.cpp
  MOD_NN_N.cpp
  MUL_NN_N.cpp
  MUL_PQ_P.cpp
  MUL_Pxk_P.cpp
  MUL_QQ_Q.cpp
  MUL_ZM_Z.cpp
  MUL_ZZ_Z.cpp
  RED_Q_Q.cpp
  Создание кода...
  Компиляция...
  SUB_NDN_N.cpp
  SUB_NN_N.cpp
  SUB_ZZ_Z.cpp
  Создание кода...
  Discrete Math Project.vcxproj -> C:\Users\Trolina\Desktop\DM-Project\x64\Debug\Discrete Math Project.exe
